
===========================================================================
report_checks -path_delay max (Setup)
============================================================================
======================= nom_tt_025C_1v80 Corner ===================================

Startpoint: select[1] (input port clocked by clk)
Endpoint: _19_ (rising edge-triggered flip-flop clocked by clk)
Path Group: clk
Path Type: max

Fanout         Cap        Slew       Delay        Time   Description
---------------------------------------------------------------------------------------------
                      0.150000    0.000000    0.000000   clock clk (rise edge)
                                  0.000000    0.000000   clock network delay (ideal)
                                  5.000000    5.000000 ^ input external delay
     6    0.024630    0.118218    0.079929    5.079928 ^ select[1] (in)
                                                         select[1] (net)
                      0.118218    0.000000    5.079928 ^ _14_/S (sky130_fd_sc_hd__mux2_1)
     1    0.002207    0.053334    0.323075    5.403004 v _14_/X (sky130_fd_sc_hd__mux2_1)
                                                         _08_ (net)
                      0.053334    0.000000    5.403004 v _15_/A2 (sky130_fd_sc_hd__a21o_2)
     1    0.001681    0.030657    0.200450    5.603454 v _15_/X (sky130_fd_sc_hd__a21o_2)
                                                         _01_ (net)
                      0.030657    0.000000    5.603454 v _19_/D (sky130_fd_sc_hd__dfxtp_2)
                                              5.603454   data arrival time

                      0.150000   25.000000   25.000000   clock clk (rise edge)
                                  0.000000   25.000000   clock network delay (ideal)
                                 -0.250000   24.750000   clock uncertainty
                                  0.000000   24.750000   clock reconvergence pessimism
                                             24.750000 ^ _19_/CLK (sky130_fd_sc_hd__dfxtp_2)
                                 -0.082124   24.667875   library setup time
                                             24.667875   data required time
---------------------------------------------------------------------------------------------
                                             24.667875   data required time
                                             -5.603454   data arrival time
---------------------------------------------------------------------------------------------
                                             19.064423   slack (MET)


Startpoint: select[1] (input port clocked by clk)
Endpoint: _18_ (rising edge-triggered flip-flop clocked by clk)
Path Group: clk
Path Type: max

Fanout         Cap        Slew       Delay        Time   Description
---------------------------------------------------------------------------------------------
                      0.150000    0.000000    0.000000   clock clk (rise edge)
                                  0.000000    0.000000   clock network delay (ideal)
                                  5.000000    5.000000 ^ input external delay
     6    0.024630    0.118218    0.079929    5.079928 ^ select[1] (in)
                                                         select[1] (net)
                      0.118218    0.000000    5.079928 ^ _11_/S (sky130_fd_sc_hd__mux2_1)
     1    0.002217    0.053392    0.323169    5.403098 v _11_/X (sky130_fd_sc_hd__mux2_1)
                                                         _06_ (net)
                      0.053392    0.000000    5.403098 v _12_/B1 (sky130_fd_sc_hd__a22o_2)
     1    0.001681    0.036252    0.197288    5.600386 v _12_/X (sky130_fd_sc_hd__a22o_2)
                                                         _00_ (net)
                      0.036252    0.000000    5.600386 v _18_/D (sky130_fd_sc_hd__dfxtp_2)
                                              5.600386   data arrival time

                      0.150000   25.000000   25.000000   clock clk (rise edge)
                                  0.000000   25.000000   clock network delay (ideal)
                                 -0.250000   24.750000   clock uncertainty
                                  0.000000   24.750000   clock reconvergence pessimism
                                             24.750000 ^ _18_/CLK (sky130_fd_sc_hd__dfxtp_2)
                                 -0.084554   24.665445   library setup time
                                             24.665445   data required time
---------------------------------------------------------------------------------------------
                                             24.665445   data required time
                                             -5.600386   data arrival time
---------------------------------------------------------------------------------------------
                                             19.065060   slack (MET)


Startpoint: select[1] (input port clocked by clk)
Endpoint: _20_ (rising edge-triggered flip-flop clocked by clk)
Path Group: clk
Path Type: max

Fanout         Cap        Slew       Delay        Time   Description
---------------------------------------------------------------------------------------------
                      0.150000    0.000000    0.000000   clock clk (rise edge)
                                  0.000000    0.000000   clock network delay (ideal)
                                  5.000000    5.000000 ^ input external delay
     6    0.024630    0.118218    0.079929    5.079928 ^ select[1] (in)
                                                         select[1] (net)
                      0.118218    0.000000    5.079928 ^ _16_/S0 (sky130_fd_sc_hd__mux4_2)
     1    0.001681    0.075641    0.490651    5.570580 v _16_/X (sky130_fd_sc_hd__mux4_2)
                                                         _02_ (net)
                      0.075641    0.000000    5.570580 v _20_/D (sky130_fd_sc_hd__dfxtp_2)
                                              5.570580   data arrival time

                      0.150000   25.000000   25.000000   clock clk (rise edge)
                                  0.000000   25.000000   clock network delay (ideal)
                                 -0.250000   24.750000   clock uncertainty
                                  0.000000   24.750000   clock reconvergence pessimism
                                             24.750000 ^ _20_/CLK (sky130_fd_sc_hd__dfxtp_2)
                                 -0.101663   24.648338   library setup time
                                             24.648338   data required time
---------------------------------------------------------------------------------------------
                                             24.648338   data required time
                                             -5.570580   data arrival time
---------------------------------------------------------------------------------------------
                                             19.077757   slack (MET)


Startpoint: select[1] (input port clocked by clk)
Endpoint: _21_ (rising edge-triggered flip-flop clocked by clk)
Path Group: clk
Path Type: max

Fanout         Cap        Slew       Delay        Time   Description
---------------------------------------------------------------------------------------------
                      0.150000    0.000000    0.000000   clock clk (rise edge)
                                  0.000000    0.000000   clock network delay (ideal)
                                  5.000000    5.000000 ^ input external delay
     6    0.024630    0.118218    0.079929    5.079928 ^ select[1] (in)
                                                         select[1] (net)
                      0.118218    0.000000    5.079928 ^ _17_/S0 (sky130_fd_sc_hd__mux4_2)
     1    0.001681    0.075641    0.490651    5.570580 v _17_/X (sky130_fd_sc_hd__mux4_2)
                                                         _03_ (net)
                      0.075641    0.000000    5.570580 v _21_/D (sky130_fd_sc_hd__dfxtp_2)
                                              5.570580   data arrival time

                      0.150000   25.000000   25.000000   clock clk (rise edge)
                                  0.000000   25.000000   clock network delay (ideal)
                                 -0.250000   24.750000   clock uncertainty
                                  0.000000   24.750000   clock reconvergence pessimism
                                             24.750000 ^ _21_/CLK (sky130_fd_sc_hd__dfxtp_2)
                                 -0.101663   24.648338   library setup time
                                             24.648338   data required time
---------------------------------------------------------------------------------------------
                                             24.648338   data required time
                                             -5.570580   data arrival time
---------------------------------------------------------------------------------------------
                                             19.077757   slack (MET)


Startpoint: _20_ (rising edge-triggered flip-flop clocked by clk)
Endpoint: q[1] (output port clocked by clk)
Path Group: clk
Path Type: max

Fanout         Cap        Slew       Delay        Time   Description
---------------------------------------------------------------------------------------------
                      0.150000    0.000000    0.000000   clock clk (rise edge)
                                  0.000000    0.000000   clock network delay (ideal)
                      0.150000    0.000000    0.000000 ^ _20_/CLK (sky130_fd_sc_hd__dfxtp_2)
     4    0.007468    0.051879    0.359192    0.359192 ^ _20_/Q (sky130_fd_sc_hd__dfxtp_2)
                                                         bit0.d_left (net)
                      0.051879    0.000000    0.359192 ^ _23_/A (sky130_fd_sc_hd__buf_2)
     1    0.033442    0.168696    0.198326    0.557517 ^ _23_/X (sky130_fd_sc_hd__buf_2)
                                                         q[1] (net)
                      0.168696    0.000000    0.557517 ^ q[1] (out)
                                              0.557517   data arrival time

                      0.150000   25.000000   25.000000   clock clk (rise edge)
                                  0.000000   25.000000   clock network delay (ideal)
                                 -0.250000   24.750000   clock uncertainty
                                  0.000000   24.750000   clock reconvergence pessimism
                                 -5.000000   19.750000   output external delay
                                             19.750000   data required time
---------------------------------------------------------------------------------------------
                                             19.750000   data required time
                                             -0.557517   data arrival time
---------------------------------------------------------------------------------------------
                                             19.192482   slack (MET)


Startpoint: _21_ (rising edge-triggered flip-flop clocked by clk)
Endpoint: q[2] (output port clocked by clk)
Path Group: clk
Path Type: max

Fanout         Cap        Slew       Delay        Time   Description
---------------------------------------------------------------------------------------------
                      0.150000    0.000000    0.000000   clock clk (rise edge)
                                  0.000000    0.000000   clock network delay (ideal)
                      0.150000    0.000000    0.000000 ^ _21_/CLK (sky130_fd_sc_hd__dfxtp_2)
     4    0.007181    0.050581    0.358116    0.358116 ^ _21_/Q (sky130_fd_sc_hd__dfxtp_2)
                                                         bit1.d_left (net)
                      0.050581    0.000000    0.358116 ^ _24_/A (sky130_fd_sc_hd__buf_2)
     1    0.033442    0.168705    0.197829    0.555945 ^ _24_/X (sky130_fd_sc_hd__buf_2)
                                                         q[2] (net)
                      0.168705    0.000000    0.555945 ^ q[2] (out)
                                              0.555945   data arrival time

                      0.150000   25.000000   25.000000   clock clk (rise edge)
                                  0.000000   25.000000   clock network delay (ideal)
                                 -0.250000   24.750000   clock uncertainty
                                  0.000000   24.750000   clock reconvergence pessimism
                                 -5.000000   19.750000   output external delay
                                             19.750000   data required time
---------------------------------------------------------------------------------------------
                                             19.750000   data required time
                                             -0.555945   data arrival time
---------------------------------------------------------------------------------------------
                                             19.194056   slack (MET)


Startpoint: _18_ (rising edge-triggered flip-flop clocked by clk)
Endpoint: q[3] (output port clocked by clk)
Path Group: clk
Path Type: max

Fanout         Cap        Slew       Delay        Time   Description
---------------------------------------------------------------------------------------------
                      0.150000    0.000000    0.000000   clock clk (rise edge)
                                  0.000000    0.000000   clock network delay (ideal)
                      0.150000    0.000000    0.000000 ^ _18_/CLK (sky130_fd_sc_hd__dfxtp_2)
     3    0.006110    0.045740    0.354103    0.354103 ^ _18_/Q (sky130_fd_sc_hd__dfxtp_2)
                                                         bit2.d_left (net)
                      0.045740    0.000000    0.354103 ^ _25_/A (sky130_fd_sc_hd__buf_2)
     1    0.033442    0.168739    0.195974    0.550077 ^ _25_/X (sky130_fd_sc_hd__buf_2)
                                                         q[3] (net)
                      0.168739    0.000000    0.550077 ^ q[3] (out)
                                              0.550077   data arrival time

                      0.150000   25.000000   25.000000   clock clk (rise edge)
                                  0.000000   25.000000   clock network delay (ideal)
                                 -0.250000   24.750000   clock uncertainty
                                  0.000000   24.750000   clock reconvergence pessimism
                                 -5.000000   19.750000   output external delay
                                             19.750000   data required time
---------------------------------------------------------------------------------------------
                                             19.750000   data required time
                                             -0.550077   data arrival time
---------------------------------------------------------------------------------------------
                                             19.199923   slack (MET)


Startpoint: _19_ (rising edge-triggered flip-flop clocked by clk)
Endpoint: q[0] (output port clocked by clk)
Path Group: clk
Path Type: max

Fanout         Cap        Slew       Delay        Time   Description
---------------------------------------------------------------------------------------------
                      0.150000    0.000000    0.000000   clock clk (rise edge)
                                  0.000000    0.000000   clock network delay (ideal)
                      0.150000    0.000000    0.000000 ^ _19_/CLK (sky130_fd_sc_hd__dfxtp_2)
     3    0.005227    0.041749    0.350794    0.350794 ^ _19_/Q (sky130_fd_sc_hd__dfxtp_2)
                                                         bit0.mux.d_hold (net)
                      0.041749    0.000000    0.350794 ^ _22_/A (sky130_fd_sc_hd__buf_2)
     1    0.033442    0.168768    0.194446    0.545239 ^ _22_/X (sky130_fd_sc_hd__buf_2)
                                                         q[0] (net)
                      0.168768    0.000000    0.545239 ^ q[0] (out)
                                              0.545239   data arrival time

                      0.150000   25.000000   25.000000   clock clk (rise edge)
                                  0.000000   25.000000   clock network delay (ideal)
                                 -0.250000   24.750000   clock uncertainty
                                  0.000000   24.750000   clock reconvergence pessimism
                                 -5.000000   19.750000   output external delay
                                             19.750000   data required time
---------------------------------------------------------------------------------------------
                                             19.750000   data required time
                                             -0.545239   data arrival time
---------------------------------------------------------------------------------------------
                                             19.204762   slack (MET)



