Starting…
Running 'Verilator.Lint'…
Logging subprocess to [repr.filename][link=file:///media/hari-the-geth/HPCORE/Openlane2_projects/USR_flow/Physical_design/runs/RUN_2024-10-07_00-58-09/01-verilator-lint/verilator-lint.log]runs/RUN_2024-10-07_00-58-09/01-verilator-lint/verilator-lint.log[/link][/repr.filename]…
Running 'Checker.LintTimingConstructs'…
Check for Lint Timing Errors clear.
Running 'Checker.LintErrors'…
Check for Lint errors clear.
Running 'Checker.LintWarnings'…
Check for Lint warnings clear.
Running 'Yosys.JsonHeader'…
Logging subprocess to [repr.filename][link=file:///media/hari-the-geth/HPCORE/Openlane2_projects/USR_flow/Physical_design/runs/RUN_2024-10-07_00-58-09/05-yosys-jsonheader/yosys-jsonheader.log]runs/RUN_2024-10-07_00-58-09/05-yosys-jsonheader/yosys-jsonheader.log[/link][/repr.filename]…
Running 'Yosys.Synthesis'…
Logging subprocess to [repr.filename][link=file:///media/hari-the-geth/HPCORE/Openlane2_projects/USR_flow/Physical_design/runs/RUN_2024-10-07_00-58-09/06-yosys-synthesis/yosys-synthesis.log]runs/RUN_2024-10-07_00-58-09/06-yosys-synthesis/yosys-synthesis.log[/link][/repr.filename]…
Parsing synthesis checks…
Running 'Checker.YosysUnmappedCells'…
Check for Unmapped Yosys instances clear.
Running 'Checker.YosysSynthChecks'…
Check for Yosys check errors clear.
Running 'Checker.NetlistAssignStatements'…
Running 'OpenROAD.CheckSDCFiles'…
'PNR_SDC_FILE' is not defined. Using generic fallback SDC for OpenROAD PnR steps.
'SIGNOFF_SDC_FILE' is not defined. Using generic fallback SDC for OpenROAD PnR steps.
Running 'OpenROAD.CheckMacroInstances'…
No macros found, skipping instance check…
Running 'OpenROAD.STAPrePNR'…
Starting STA for the nom_tt_025C_1v80 timing corner…
Starting STA for the nom_ss_100C_1v60 timing corner…
Starting STA for the nom_ff_n40C_1v95 timing corner…
Skipping corner min_tt_025C_1v80 for STA (identical to nom_tt_025C_1v80 at this stage)…
Skipping corner min_ss_100C_1v60 for STA (identical to nom_ss_100C_1v60 at this stage)…
Skipping corner min_ff_n40C_1v95 for STA (identical to nom_ff_n40C_1v95 at this stage)…
Logging subprocess to [repr.filename][link=file:///media/hari-the-geth/HPCORE/Openlane2_projects/USR_flow/Physical_design/runs/RUN_2024-10-07_00-58-09/12-openroad-staprepnr/nom_tt_025C_1v80/sta.log]runs/RUN_2024-10-07_00-58-09/12-openroad-staprepnr/nom_tt_025C_1v80/sta.log[/link][/repr.filename]…
Skipping corner max_tt_025C_1v80 for STA (identical to nom_tt_025C_1v80 at this stage)…
Skipping corner max_ss_100C_1v60 for STA (identical to nom_ss_100C_1v60 at this stage)…
Logging subprocess to [repr.filename][link=file:///media/hari-the-geth/HPCORE/Openlane2_projects/USR_flow/Physical_design/runs/RUN_2024-10-07_00-58-09/12-openroad-staprepnr/nom_ss_100C_1v60/sta.log]runs/RUN_2024-10-07_00-58-09/12-openroad-staprepnr/nom_ss_100C_1v60/sta.log[/link][/repr.filename]…
Logging subprocess to [repr.filename][link=file:///media/hari-the-geth/HPCORE/Openlane2_projects/USR_flow/Physical_design/runs/RUN_2024-10-07_00-58-09/12-openroad-staprepnr/nom_ff_n40C_1v95/sta.log]runs/RUN_2024-10-07_00-58-09/12-openroad-staprepnr/nom_ff_n40C_1v95/sta.log[/link][/repr.filename]…
Skipping corner max_ff_n40C_1v95 for STA (identical to nom_ff_n40C_1v95 at this stage)…
Finished STA for the nom_tt_025C_1v80 timing corner.
Finished STA for the nom_ss_100C_1v60 timing corner.
Finished STA for the nom_ff_n40C_1v95 timing corner.
Running 'OpenROAD.Floorplan'…
Logging subprocess to [repr.filename][link=file:///media/hari-the-geth/HPCORE/Openlane2_projects/USR_flow/Physical_design/runs/RUN_2024-10-07_00-58-09/13-openroad-floorplan/openroad-floorplan.log]runs/RUN_2024-10-07_00-58-09/13-openroad-floorplan/openroad-floorplan.log[/link][/repr.filename]…
Running 'Odb.CheckMacroAntennaProperties'…
No cells provided, skipping…
Running 'Odb.SetPowerConnections'…
Logging subprocess to [repr.filename][link=file:///media/hari-the-geth/HPCORE/Openlane2_projects/USR_flow/Physical_design/runs/RUN_2024-10-07_00-58-09/15-odb-setpowerconnections/odb-setpowerconnections.log]runs/RUN_2024-10-07_00-58-09/15-odb-setpowerconnections/odb-setpowerconnections.log[/link][/repr.filename]…
Running 'Odb.ManualMacroPlacement'…
No instances found, skipping 'Odb.ManualMacroPlacement'…
Running 'OpenROAD.CutRows'…
Logging subprocess to [repr.filename][link=file:///media/hari-the-geth/HPCORE/Openlane2_projects/USR_flow/Physical_design/runs/RUN_2024-10-07_00-58-09/17-openroad-cutrows/openroad-cutrows.log]runs/RUN_2024-10-07_00-58-09/17-openroad-cutrows/openroad-cutrows.log[/link][/repr.filename]…
Running 'OpenROAD.TapEndcapInsertion'…
Logging subprocess to [repr.filename][link=file:///media/hari-the-geth/HPCORE/Openlane2_projects/USR_flow/Physical_design/runs/RUN_2024-10-07_00-58-09/18-openroad-tapendcapinsertion/openroad-tapendcapinsertion.log]runs/RUN_2024-10-07_00-58-09/18-openroad-tapendcapinsertion/openroad-tapendcapinsertion.log[/link][/repr.filename]…
Running 'Odb.AddPDNObstructions'…
'PDN_OBSTRUCTIONS' is not defined. Skipping 'Odb.AddPDNObstructions'…
Running 'OpenROAD.GeneratePDN'…
'FP_PDN_CFG' not explicitly set, setting it to /nix/store/11lf70a6548fk8k8r7bhf3g67j6mhpjp-python3-3.11.9-env/lib/python3.11/site-packages/openlane/scripts/openroad/common/pdn_cfg.tcl…
Logging subprocess to [repr.filename][link=file:///media/hari-the-geth/HPCORE/Openlane2_projects/USR_flow/Physical_design/runs/RUN_2024-10-07_00-58-09/20-openroad-generatepdn/openroad-generatepdn.log]runs/RUN_2024-10-07_00-58-09/20-openroad-generatepdn/openroad-generatepdn.log[/link][/repr.filename]…
[PDN-0185] Insufficient width (20.24 um) to add straps on layer met4 in grid "stdcell_grid" with total strap width 4.9 um and offset 16.32 um.
